[2023-04-09 17:51:56] [ INFO ] [TurnoController:38] Buscando todos los turnos
[2023-04-09 17:52:14] [ INFO ] [OdontologoController:35] Buscando todos los odontologos
[2023-04-09 17:52:16] [ INFO ] [PacienteController:37] Buscando todos los pacientes
[2023-04-09 17:52:20] [ INFO ] [TurnoController:38] Buscando todos los turnos
[2023-04-09 17:53:57] [ INFO ] [TurnoController:38] Buscando todos los turnos
[2023-04-09 17:53:59] [ INFO ] [TurnoController:51] Borrando turno
[2023-04-09 17:53:59] [ INFO ] [TurnoController:51] Borrando turno
[2023-04-09 17:54:00] [ INFO ] [TurnoController:51] Borrando turno
[2023-04-09 17:54:02] [ INFO ] [TurnoController:38] Buscando todos los turnos
[2023-04-09 17:54:03] [ INFO ] [OdontologoController:35] Buscando todos los odontologos
[2023-04-09 17:54:03] [ INFO ] [PacienteController:37] Buscando todos los pacientes
[2023-04-09 17:54:08] [ INFO ] [TurnoController:44] Registrando turno
[2023-04-09 17:54:10] [ INFO ] [OdontologoController:35] Buscando todos los odontologos
[2023-04-09 17:54:10] [ INFO ] [PacienteController:37] Buscando todos los pacientes
[2023-04-09 17:54:11] [ INFO ] [TurnoController:38] Buscando todos los turnos
[2023-04-09 17:55:11] [ INFO ] [TurnoController:38] Buscando todos los turnos
[2023-04-09 17:55:12] [ INFO ] [TurnoController:31] Buscando turno
[2023-04-09 17:55:12] [ INFO ] [OdontologoController:35] Buscando todos los odontologos
[2023-04-09 17:55:12] [ INFO ] [PacienteController:37] Buscando todos los pacientes
[2023-04-09 17:55:19] [ INFO ] [TurnoController:38] Buscando todos los turnos
[2023-04-09 17:55:21] [ INFO ] [TurnoController:51] Borrando turno
[2023-04-09 17:55:23] [ INFO ] [OdontologoController:35] Buscando todos los odontologos
[2023-04-09 17:55:23] [ INFO ] [PacienteController:37] Buscando todos los pacientes
[2023-04-09 17:55:28] [ INFO ] [TurnoController:44] Registrando turno
[2023-04-09 17:55:30] [ INFO ] [TurnoController:38] Buscando todos los turnos
[2023-04-09 17:55:37] [ INFO ] [TurnoController:38] Buscando todos los turnos
[2023-04-09 17:55:56] [ INFO ] [OdontologoController:35] Buscando todos los odontologos
[2023-04-09 17:55:56] [ INFO ] [PacienteController:37] Buscando todos los pacientes
[2023-04-09 17:56:03] [ INFO ] [TurnoController:44] Registrando turno
[2023-04-09 17:57:08] [ INFO ] [TurnoController:38] Buscando todos los turnos
[2023-04-09 18:00:55] [ INFO ] [TurnoController:38] Buscando todos los turnos
[2023-04-09 18:00:56] [ INFO ] [TurnoController:51] Borrando turno
[2023-04-09 18:00:57] [ INFO ] [TurnoController:51] Borrando turno
[2023-04-09 18:01:00] [ INFO ] [OdontologoController:35] Buscando todos los odontologos
[2023-04-09 18:01:00] [ INFO ] [PacienteController:37] Buscando todos los pacientes
[2023-04-09 18:01:08] [ INFO ] [TurnoController:44] Registrando turno
[2023-04-09 18:01:32] [ INFO ] [OdontologoController:35] Buscando todos los odontologos
[2023-04-09 18:01:32] [ INFO ] [PacienteController:37] Buscando todos los pacientes
[2023-04-09 18:01:34] [ INFO ] [TurnoController:38] Buscando todos los turnos
[2023-04-09 18:04:52] [ INFO ] [TurnoController:38] Buscando todos los turnos
[2023-04-09 18:04:53] [ INFO ] [TurnoController:51] Borrando turno
[2023-04-09 18:04:56] [ INFO ] [OdontologoController:35] Buscando todos los odontologos
[2023-04-09 18:04:56] [ INFO ] [PacienteController:37] Buscando todos los pacientes
[2023-04-09 18:05:03] [ INFO ] [TurnoController:44] Registrando turno
[2023-04-09 18:05:20] [ INFO ] [TurnoController:38] Buscando todos los turnos
[2023-04-09 18:06:28] [ INFO ] [TurnoController:38] Buscando todos los turnos
[2023-04-09 18:06:30] [ INFO ] [OdontologoController:35] Buscando todos los odontologos
[2023-04-09 18:06:30] [ INFO ] [PacienteController:37] Buscando todos los pacientes
[2023-04-09 18:06:35] [ INFO ] [TurnoController:44] Registrando turno
[2023-04-09 18:06:42] [ INFO ] [OdontologoController:35] Buscando todos los odontologos
[2023-04-09 18:06:42] [ INFO ] [PacienteController:37] Buscando todos los pacientes
[2023-04-09 18:06:43] [ INFO ] [TurnoController:38] Buscando todos los turnos
[2023-04-09 18:06:48] [ INFO ] [TurnoController:31] Buscando turno
[2023-04-09 18:06:48] [ INFO ] [OdontologoController:35] Buscando todos los odontologos
[2023-04-09 18:06:48] [ INFO ] [PacienteController:37] Buscando todos los pacientes
[2023-04-09 18:06:53] [ INFO ] [TurnoController:38] Buscando todos los turnos
[2023-04-09 18:07:00] [ INFO ] [TurnoController:31] Buscando turno
[2023-04-09 18:07:00] [ INFO ] [OdontologoController:35] Buscando todos los odontologos
[2023-04-09 18:07:00] [ INFO ] [PacienteController:37] Buscando todos los pacientes
[2023-04-09 18:07:07] [ INFO ] [TurnoController:38] Buscando todos los turnos
[2023-04-09 18:07:47] [ INFO ] [TurnoController:31] Buscando turno
[2023-04-09 18:07:47] [ INFO ] [OdontologoController:35] Buscando todos los odontologos
[2023-04-09 18:07:47] [ INFO ] [PacienteController:37] Buscando todos los pacientes
[2023-04-09 18:07:50] [ INFO ] [TurnoController:38] Buscando todos los turnos
[2023-04-09 18:09:07] [ INFO ] [TurnoController:38] Buscando todos los turnos
[2023-04-09 18:09:10] [ INFO ] [TurnoController:31] Buscando turno
[2023-04-09 18:09:10] [ INFO ] [OdontologoController:35] Buscando todos los odontologos
[2023-04-09 18:09:10] [ INFO ] [PacienteController:37] Buscando todos los pacientes
[2023-04-09 18:09:47] [ INFO ] [TurnoController:38] Buscando todos los turnos
[2023-04-09 18:09:48] [ INFO ] [TurnoController:31] Buscando turno
[2023-04-09 18:09:48] [ INFO ] [OdontologoController:35] Buscando todos los odontologos
[2023-04-09 18:09:48] [ INFO ] [PacienteController:37] Buscando todos los pacientes
[2023-04-09 18:11:00] [ INFO ] [TurnoController:38] Buscando todos los turnos
[2023-04-09 18:11:03] [ INFO ] [TurnoController:31] Buscando turno
[2023-04-09 18:11:03] [ INFO ] [OdontologoController:35] Buscando todos los odontologos
[2023-04-09 18:11:03] [ INFO ] [PacienteController:37] Buscando todos los pacientes
[2023-04-09 18:11:13] [ INFO ] [TurnoController:57] Actualizando turno
[2023-04-09 18:11:22] [ INFO ] [TurnoController:38] Buscando todos los turnos
[2023-04-10 11:08:43] [ INFO ] [PacienteController:29] Buscando paciente
[2023-04-10 11:10:03] [ INFO ] [PacienteController:29] Buscando paciente
[2023-04-10 11:12:32] [ INFO ] [PacienteController:29] Buscando paciente
[2023-04-10 11:12:39] [ INFO ] [PacienteController:29] Buscando paciente
[2023-04-10 11:12:40] [ INFO ] [PacienteController:37] Buscando todos los pacientes
[2023-04-10 11:22:25] [ INFO ] [OdontologoController:41] Registrando odontologo
[2023-04-10 11:24:00] [ INFO ] [OdontologoController:41] Registrando odontologo
[2023-04-10 11:27:16] [ INFO ] [OdontologoController:41] Registrando odontologo
[2023-04-10 11:46:04] [ INFO ] [OdontologoController:41] Registrando odontologo
[2023-04-11 10:07:20] [ INFO ] [OdontologoController:35] Buscando todos los odontologos
[2023-04-11 10:07:20] [ INFO ] [PacienteController:37] Buscando todos los pacientes
[2023-04-11 10:07:21] [ INFO ] [TurnoController:38] Buscando todos los turnos
[2023-04-11 10:07:23] [ INFO ] [TurnoController:38] Buscando todos los turnos
[2023-04-11 10:07:55] [ INFO ] [OdontologoController:35] Buscando todos los odontologos
[2023-04-11 10:07:55] [ INFO ] [PacienteController:37] Buscando todos los pacientes
[2023-04-11 10:08:04] [ INFO ] [PacienteController:37] Buscando todos los pacientes
[2023-04-11 10:08:07] [ INFO ] [PacienteController:37] Buscando todos los pacientes
[2023-04-11 10:08:08] [ INFO ] [PacienteController:37] Buscando todos los pacientes
[2023-04-11 10:26:47] [ INFO ] [TurnoController:38] Buscando todos los turnos
[2023-04-11 10:26:55] [ INFO ] [TurnoController:38] Buscando todos los turnos
[2023-04-11 10:27:03] [ INFO ] [OdontologoController:35] Buscando todos los odontologos
[2023-04-11 10:27:03] [ INFO ] [PacienteController:37] Buscando todos los pacientes
[2023-04-11 10:27:04] [ INFO ] [TurnoController:38] Buscando todos los turnos
[2023-04-11 10:30:25] [ INFO ] [TurnoController:38] Buscando todos los turnos
[2023-04-11 10:31:57] [ INFO ] [OdontologoController:41] Registrando odontologo
[2023-04-11 10:31:59] [ INFO ] [OdontologoController:35] Buscando todos los odontologos
[2023-04-11 10:32:01] [ INFO ] [PacienteController:37] Buscando todos los pacientes
[2023-04-11 10:32:03] [ INFO ] [TurnoController:38] Buscando todos los turnos
[2023-04-11 10:32:12] [ INFO ] [TurnoController:38] Buscando todos los turnos
[2023-04-11 10:32:16] [ INFO ] [OdontologoController:35] Buscando todos los odontologos
[2023-04-11 10:32:16] [ INFO ] [PacienteController:37] Buscando todos los pacientes
[2023-04-11 10:32:23] [ INFO ] [TurnoController:44] Registrando turno
[2023-04-11 10:32:26] [ INFO ] [TurnoController:38] Buscando todos los turnos
[2023-04-11 10:32:29] [ INFO ] [TurnoController:31] Buscando turno
[2023-04-11 10:32:29] [ INFO ] [OdontologoController:35] Buscando todos los odontologos
[2023-04-11 10:32:29] [ INFO ] [PacienteController:37] Buscando todos los pacientes
[2023-04-11 10:32:35] [ INFO ] [TurnoController:57] Actualizando turno
[2023-04-11 10:32:35] [ INFO ] [TurnoController:38] Buscando todos los turnos
[2023-04-12 20:27:47] [ INFO ] [OdontologoController:35] Buscando todos los odontologos
[2023-04-12 20:27:47] [ INFO ] [PacienteController:37] Buscando todos los pacientes
